/pine/scr/m/i/minzhi/deephp/hicgan/preprocess
/pine/scr/m/i/minzhi/deephp/hicgan/data
merge data done!
WARN [2019-07-25T03:55:44,036]  [Globals.java:138] [main]  Development mode is enabled
Not including fragment map
Start preprocess
Writing header
Writing body
.....................................................................................................................................................................................................................................................................................................................................Randomization errors encountered: 0 no map found, 0 two different maps found
.
Writing footer

Finished preprocess

Calculating norms for zoom BP_2500000
Calculating norms for zoom BP_1000000
Calculating norms for zoom BP_500000
Calculating norms for zoom BP_250000
Calculating norms for zoom BP_100000
Calculating norms for zoom BP_50000
Calculating norms for zoom BP_25000
Calculating norms for zoom BP_10000
Calculating norms for zoom BP_5000
Calculating norms for zoom BP_1000
Finished writing norms
WARN [2019-07-25T04:59:00,186]  [Globals.java:138] [main]  Development mode is enabled
Not including fragment map
Start preprocess
Writing header
Writing body
.....................................................................................................................................................................................................................................................................................................................................Randomization errors encountered: 0 no map found, 0 two different maps found
.
Writing footer

Finished preprocess

Calculating norms for zoom BP_2500000
Calculating norms for zoom BP_1000000
Calculating norms for zoom BP_500000
Calculating norms for zoom BP_250000
Calculating norms for zoom BP_100000
Calculating norms for zoom BP_50000
Calculating norms for zoom BP_25000
Calculating norms for zoom BP_10000
Calculating norms for zoom BP_5000
Calculating norms for zoom BP_1000
Finished writing norms
Submitted batch job 28279901
Submitted batch job 28279902
Submitted batch job 28279903
Submitted batch job 28279904
Submitted batch job 28279905
Submitted batch job 28279906
Submitted batch job 28279907
Submitted batch job 28279908
Submitted batch job 28279909
Submitted batch job 28279910
Submitted batch job 28279911
Submitted batch job 28279912
Submitted batch job 28279913
Submitted batch job 28279914
Submitted batch job 28279915
Submitted batch job 28279916
Submitted batch job 28279917
Submitted batch job 28279918
Submitted batch job 28279919
Submitted batch job 28279920
Submitted batch job 28279921
Submitted batch job 28279922
Submitted batch job 28279923
Submitted batch job 28279924
